Classic Timing Analyzer report for SM_SCHEMATIC
Sun Feb 11 15:03:42 2018
Quartus II Version 9.1 Build 222 10/21/2009 SJ Web Edition


---------------------
; Table of Contents ;
---------------------
  1. Legal Notice
  2. Timing Analyzer Summary
  3. Timing Analyzer Settings
  4. Clock Settings Summary
  5. Parallel Compilation
  6. Clock Setup: 'CLOCK'
  7. tsu
  8. tco
  9. th
 10. Timing Analyzer Messages



----------------
; Legal Notice ;
----------------
Copyright (C) 1991-2009 Altera Corporation
Your use of Altera Corporation's design tools, logic functions 
and other software and tools, and its AMPP partner logic 
functions, and any output files from any of the foregoing 
(including device programming or simulation files), and any 
associated documentation or information are expressly subject 
to the terms and conditions of the Altera Program License 
Subscription Agreement, Altera MegaCore Function License 
Agreement, or other applicable license agreement, including, 
without limitation, that your use is for the sole purpose of 
programming logic devices manufactured by Altera and sold by 
Altera or its authorized distributors.  Please refer to the 
applicable agreement for further details.



+--------------------------------------------------------------------------------------------------------------------------------------------------------------+
; Timing Analyzer Summary                                                                                                                                      ;
+------------------------------+-------+---------------+------------------------------------------------+-------+-------+------------+----------+--------------+
; Type                         ; Slack ; Required Time ; Actual Time                                    ; From  ; To    ; From Clock ; To Clock ; Failed Paths ;
+------------------------------+-------+---------------+------------------------------------------------+-------+-------+------------+----------+--------------+
; Worst-case tsu               ; N/A   ; None          ; 3.492 ns                                       ; X[0]  ; inst  ; --         ; CLOCK    ; 0            ;
; Worst-case tco               ; N/A   ; None          ; 6.298 ns                                       ; inst  ; Q[1]  ; CLOCK      ; --       ; 0            ;
; Worst-case th                ; N/A   ; None          ; 0.476 ns                                       ; X[1]  ; inst2 ; --         ; CLOCK    ; 0            ;
; Clock Setup: 'CLOCK'         ; N/A   ; None          ; Restricted to 420.17 MHz ( period = 2.380 ns ) ; inst2 ; inst2 ; CLOCK      ; CLOCK    ; 0            ;
; Total number of failed paths ;       ;               ;                                                ;       ;       ;            ;          ; 0            ;
+------------------------------+-------+---------------+------------------------------------------------+-------+-------+------------+----------+--------------+


+-----------------------------------------------------------------------------------------------------------------------------------------------------+
; Timing Analyzer Settings                                                                                                                            ;
+------------------------------------------------------------------------------------------------------+--------------------+------+----+-------------+
; Option                                                                                               ; Setting            ; From ; To ; Entity Name ;
+------------------------------------------------------------------------------------------------------+--------------------+------+----+-------------+
; Device Name                                                                                          ; EP2C5T144C6        ;      ;    ;             ;
; Timing Models                                                                                        ; Final              ;      ;    ;             ;
; Default hold multicycle                                                                              ; Same as Multicycle ;      ;    ;             ;
; Cut paths between unrelated clock domains                                                            ; On                 ;      ;    ;             ;
; Cut off read during write signal paths                                                               ; On                 ;      ;    ;             ;
; Cut off feedback from I/O pins                                                                       ; On                 ;      ;    ;             ;
; Report Combined Fast/Slow Timing                                                                     ; Off                ;      ;    ;             ;
; Ignore Clock Settings                                                                                ; Off                ;      ;    ;             ;
; Analyze latches as synchronous elements                                                              ; On                 ;      ;    ;             ;
; Enable Recovery/Removal analysis                                                                     ; Off                ;      ;    ;             ;
; Enable Clock Latency                                                                                 ; Off                ;      ;    ;             ;
; Use TimeQuest Timing Analyzer                                                                        ; Off                ;      ;    ;             ;
; Number of source nodes to report per destination node                                                ; 10                 ;      ;    ;             ;
; Number of destination nodes to report                                                                ; 10                 ;      ;    ;             ;
; Number of paths to report                                                                            ; 200                ;      ;    ;             ;
; Report Minimum Timing Checks                                                                         ; Off                ;      ;    ;             ;
; Use Fast Timing Models                                                                               ; Off                ;      ;    ;             ;
; Report IO Paths Separately                                                                           ; Off                ;      ;    ;             ;
; Perform Multicorner Analysis                                                                         ; On                 ;      ;    ;             ;
; Reports the worst-case path for each clock domain and analysis                                       ; Off                ;      ;    ;             ;
; Reports worst-case timing paths for each clock domain and analysis                                   ; On                 ;      ;    ;             ;
; Specifies the maximum number of worst-case timing paths to report for each clock domain and analysis ; 100                ;      ;    ;             ;
; Removes common clock path pessimism (CCPP) during slack computation                                  ; Off                ;      ;    ;             ;
; Output I/O Timing Endpoint                                                                           ; Near End           ;      ;    ;             ;
+------------------------------------------------------------------------------------------------------+--------------------+------+----+-------------+


+------------------------------------------------------------------------------------------------------------------------------------------------------------------------------------+
; Clock Settings Summary                                                                                                                                                             ;
+-----------------+--------------------+----------+------------------+---------------+--------------+----------+-----------------------+---------------------+--------+--------------+
; Clock Node Name ; Clock Setting Name ; Type     ; Fmax Requirement ; Early Latency ; Late Latency ; Based on ; Multiply Base Fmax by ; Divide Base Fmax by ; Offset ; Phase offset ;
+-----------------+--------------------+----------+------------------+---------------+--------------+----------+-----------------------+---------------------+--------+--------------+
; CLOCK           ;                    ; User Pin ; None             ; 0.000 ns      ; 0.000 ns     ; --       ; N/A                   ; N/A                 ; N/A    ;              ;
+-----------------+--------------------+----------+------------------+---------------+--------------+----------+-----------------------+---------------------+--------+--------------+


Parallel compilation was disabled, but you have multiple processors available. Enable parallel compilation to reduce compilation time.
+-------------------------------------+
; Parallel Compilation                ;
+----------------------------+--------+
; Processors                 ; Number ;
+----------------------------+--------+
; Number detected on machine ; 2      ;
; Maximum allowed            ; 1      ;
+----------------------------+--------+


+------------------------------------------------------------------------------------------------------------------------------------------------------------------------------------+
; Clock Setup: 'CLOCK'                                                                                                                                                               ;
+-------+------------------------------------------------+-------+-------+------------+----------+-----------------------------+---------------------------+-------------------------+
; Slack ; Actual fmax (period)                           ; From  ; To    ; From Clock ; To Clock ; Required Setup Relationship ; Required Longest P2P Time ; Actual Longest P2P Time ;
+-------+------------------------------------------------+-------+-------+------------+----------+-----------------------------+---------------------------+-------------------------+
; N/A   ; Restricted to 420.17 MHz ( period = 2.380 ns ) ; inst  ; inst  ; CLOCK      ; CLOCK    ; None                        ; None                      ; 0.407 ns                ;
; N/A   ; Restricted to 420.17 MHz ( period = 2.380 ns ) ; inst2 ; inst2 ; CLOCK      ; CLOCK    ; None                        ; None                      ; 0.407 ns                ;
+-------+------------------------------------------------+-------+-------+------------+----------+-----------------------------+---------------------------+-------------------------+


+-------------------------------------------------------------+
; tsu                                                         ;
+-------+--------------+------------+------+-------+----------+
; Slack ; Required tsu ; Actual tsu ; From ; To    ; To Clock ;
+-------+--------------+------------+------+-------+----------+
; N/A   ; None         ; 3.492 ns   ; X[0] ; inst  ; CLOCK    ;
; N/A   ; None         ; 3.488 ns   ; X[0] ; inst2 ; CLOCK    ;
; N/A   ; None         ; -0.244 ns  ; X[1] ; inst  ; CLOCK    ;
; N/A   ; None         ; -0.246 ns  ; X[1] ; inst2 ; CLOCK    ;
+-------+--------------+------------+------+-------+----------+


+---------------------------------------------------------------+
; tco                                                           ;
+-------+--------------+------------+-------+------+------------+
; Slack ; Required tco ; Actual tco ; From  ; To   ; From Clock ;
+-------+--------------+------------+-------+------+------------+
; N/A   ; None         ; 6.298 ns   ; inst  ; Q[1] ; CLOCK      ;
; N/A   ; None         ; 6.221 ns   ; inst2 ; Q[0] ; CLOCK      ;
; N/A   ; None         ; 5.776 ns   ; inst  ; Z    ; CLOCK      ;
+-------+--------------+------------+-------+------+------------+


+-------------------------------------------------------------------+
; th                                                                ;
+---------------+-------------+-----------+------+-------+----------+
; Minimum Slack ; Required th ; Actual th ; From ; To    ; To Clock ;
+---------------+-------------+-----------+------+-------+----------+
; N/A           ; None        ; 0.476 ns  ; X[1] ; inst2 ; CLOCK    ;
; N/A           ; None        ; 0.474 ns  ; X[1] ; inst  ; CLOCK    ;
; N/A           ; None        ; -3.258 ns ; X[0] ; inst2 ; CLOCK    ;
; N/A           ; None        ; -3.262 ns ; X[0] ; inst  ; CLOCK    ;
+---------------+-------------+-----------+------+-------+----------+


+--------------------------+
; Timing Analyzer Messages ;
+--------------------------+
Info: *******************************************************************
Info: Running Quartus II Classic Timing Analyzer
    Info: Version 9.1 Build 222 10/21/2009 SJ Web Edition
    Info: Processing started: Sun Feb 11 15:03:42 2018
Info: Command: quartus_tan --read_settings_files=off --write_settings_files=off SM_SCHEMATIC -c SM_SCHEMATIC --timing_analysis_only
Warning: Found pins functioning as undefined clocks and/or memory enables
    Info: Assuming node "CLOCK" is an undefined clock
Info: Clock "CLOCK" Internal fmax is restricted to 420.17 MHz between source register "inst" and destination register "inst"
    Info: fmax restricted to clock pin edge rate 2.38 ns. Expand message to see actual delay path.
        Info: + Longest register to register delay is 0.407 ns
            Info: 1: + IC(0.000 ns) + CELL(0.000 ns) = 0.000 ns; Loc. = LCFF_X1_Y5_N25; Fanout = 3; REG Node = 'inst'
            Info: 2: + IC(0.000 ns) + CELL(0.323 ns) = 0.323 ns; Loc. = LCCOMB_X1_Y5_N24; Fanout = 1; COMB Node = 'inst12~0'
            Info: 3: + IC(0.000 ns) + CELL(0.084 ns) = 0.407 ns; Loc. = LCFF_X1_Y5_N25; Fanout = 3; REG Node = 'inst'
            Info: Total cell delay = 0.407 ns ( 100.00 % )
        Info: - Smallest clock skew is 0.000 ns
            Info: + Shortest clock path from clock "CLOCK" to destination register is 2.345 ns
                Info: 1: + IC(0.000 ns) + CELL(0.989 ns) = 0.989 ns; Loc. = PIN_17; Fanout = 1; CLK Node = 'CLOCK'
                Info: 2: + IC(0.122 ns) + CELL(0.000 ns) = 1.111 ns; Loc. = CLKCTRL_G2; Fanout = 2; COMB Node = 'CLOCK~clkctrl'
                Info: 3: + IC(0.697 ns) + CELL(0.537 ns) = 2.345 ns; Loc. = LCFF_X1_Y5_N25; Fanout = 3; REG Node = 'inst'
                Info: Total cell delay = 1.526 ns ( 65.07 % )
                Info: Total interconnect delay = 0.819 ns ( 34.93 % )
            Info: - Longest clock path from clock "CLOCK" to source register is 2.345 ns
                Info: 1: + IC(0.000 ns) + CELL(0.989 ns) = 0.989 ns; Loc. = PIN_17; Fanout = 1; CLK Node = 'CLOCK'
                Info: 2: + IC(0.122 ns) + CELL(0.000 ns) = 1.111 ns; Loc. = CLKCTRL_G2; Fanout = 2; COMB Node = 'CLOCK~clkctrl'
                Info: 3: + IC(0.697 ns) + CELL(0.537 ns) = 2.345 ns; Loc. = LCFF_X1_Y5_N25; Fanout = 3; REG Node = 'inst'
                Info: Total cell delay = 1.526 ns ( 65.07 % )
                Info: Total interconnect delay = 0.819 ns ( 34.93 % )
        Info: + Micro clock to output delay of source is 0.250 ns
        Info: + Micro setup delay of destination is -0.036 ns
Info: tsu for register "inst" (data pin = "X[0]", clock pin = "CLOCK") is 3.492 ns
    Info: + Longest pin to register delay is 5.873 ns
        Info: 1: + IC(0.000 ns) + CELL(0.852 ns) = 0.852 ns; Loc. = PIN_24; Fanout = 2; PIN Node = 'X[0]'
        Info: 2: + IC(4.499 ns) + CELL(0.438 ns) = 5.789 ns; Loc. = LCCOMB_X1_Y5_N24; Fanout = 1; COMB Node = 'inst12~0'
        Info: 3: + IC(0.000 ns) + CELL(0.084 ns) = 5.873 ns; Loc. = LCFF_X1_Y5_N25; Fanout = 3; REG Node = 'inst'
        Info: Total cell delay = 1.374 ns ( 23.40 % )
        Info: Total interconnect delay = 4.499 ns ( 76.60 % )
    Info: + Micro setup delay of destination is -0.036 ns
    Info: - Shortest clock path from clock "CLOCK" to destination register is 2.345 ns
        Info: 1: + IC(0.000 ns) + CELL(0.989 ns) = 0.989 ns; Loc. = PIN_17; Fanout = 1; CLK Node = 'CLOCK'
        Info: 2: + IC(0.122 ns) + CELL(0.000 ns) = 1.111 ns; Loc. = CLKCTRL_G2; Fanout = 2; COMB Node = 'CLOCK~clkctrl'
        Info: 3: + IC(0.697 ns) + CELL(0.537 ns) = 2.345 ns; Loc. = LCFF_X1_Y5_N25; Fanout = 3; REG Node = 'inst'
        Info: Total cell delay = 1.526 ns ( 65.07 % )
        Info: Total interconnect delay = 0.819 ns ( 34.93 % )
Info: tco from clock "CLOCK" to destination pin "Q[1]" through register "inst" is 6.298 ns
    Info: + Longest clock path from clock "CLOCK" to source register is 2.345 ns
        Info: 1: + IC(0.000 ns) + CELL(0.989 ns) = 0.989 ns; Loc. = PIN_17; Fanout = 1; CLK Node = 'CLOCK'
        Info: 2: + IC(0.122 ns) + CELL(0.000 ns) = 1.111 ns; Loc. = CLKCTRL_G2; Fanout = 2; COMB Node = 'CLOCK~clkctrl'
        Info: 3: + IC(0.697 ns) + CELL(0.537 ns) = 2.345 ns; Loc. = LCFF_X1_Y5_N25; Fanout = 3; REG Node = 'inst'
        Info: Total cell delay = 1.526 ns ( 65.07 % )
        Info: Total interconnect delay = 0.819 ns ( 34.93 % )
    Info: + Micro clock to output delay of source is 0.250 ns
    Info: + Longest register to pin delay is 3.703 ns
        Info: 1: + IC(0.000 ns) + CELL(0.000 ns) = 0.000 ns; Loc. = LCFF_X1_Y5_N25; Fanout = 3; REG Node = 'inst'
        Info: 2: + IC(1.061 ns) + CELL(2.642 ns) = 3.703 ns; Loc. = PIN_7; Fanout = 0; PIN Node = 'Q[1]'
        Info: Total cell delay = 2.642 ns ( 71.35 % )
        Info: Total interconnect delay = 1.061 ns ( 28.65 % )
Info: th for register "inst2" (data pin = "X[1]", clock pin = "CLOCK") is 0.476 ns
    Info: + Longest clock path from clock "CLOCK" to destination register is 2.345 ns
        Info: 1: + IC(0.000 ns) + CELL(0.989 ns) = 0.989 ns; Loc. = PIN_17; Fanout = 1; CLK Node = 'CLOCK'
        Info: 2: + IC(0.122 ns) + CELL(0.000 ns) = 1.111 ns; Loc. = CLKCTRL_G2; Fanout = 2; COMB Node = 'CLOCK~clkctrl'
        Info: 3: + IC(0.697 ns) + CELL(0.537 ns) = 2.345 ns; Loc. = LCFF_X1_Y5_N11; Fanout = 2; REG Node = 'inst2'
        Info: Total cell delay = 1.526 ns ( 65.07 % )
        Info: Total interconnect delay = 0.819 ns ( 34.93 % )
    Info: + Micro hold delay of destination is 0.266 ns
    Info: - Shortest pin to register delay is 2.135 ns
        Info: 1: + IC(0.000 ns) + CELL(0.989 ns) = 0.989 ns; Loc. = PIN_21; Fanout = 2; PIN Node = 'X[1]'
        Info: 2: + IC(0.643 ns) + CELL(0.419 ns) = 2.051 ns; Loc. = LCCOMB_X1_Y5_N10; Fanout = 1; COMB Node = 'inst2~0'
        Info: 3: + IC(0.000 ns) + CELL(0.084 ns) = 2.135 ns; Loc. = LCFF_X1_Y5_N11; Fanout = 2; REG Node = 'inst2'
        Info: Total cell delay = 1.492 ns ( 69.88 % )
        Info: Total interconnect delay = 0.643 ns ( 30.12 % )
Info: Quartus II Classic Timing Analyzer was successful. 0 errors, 1 warning
    Info: Peak virtual memory: 237 megabytes
    Info: Processing ended: Sun Feb 11 15:03:42 2018
    Info: Elapsed time: 00:00:00
    Info: Total CPU time (on all processors): 00:00:00


