Flow report for SM_SCHEMATIC
Sun Feb 11 15:03:42 2018
Quartus II Version 9.1 Build 222 10/21/2009 SJ Web Edition


---------------------
; Table of Contents ;
---------------------
  1. Legal Notice
  2. Flow Summary
  3. Flow Settings
  4. Flow Non-Default Global Settings
  5. Flow Elapsed Time
  6. Flow OS Summary
  7. Flow Log



----------------
; Legal Notice ;
----------------
Copyright (C) 1991-2009 Altera Corporation
Your use of Altera Corporation's design tools, logic functions 
and other software and tools, and its AMPP partner logic 
functions, and any output files from any of the foregoing 
(including device programming or simulation files), and any 
associated documentation or information are expressly subject 
to the terms and conditions of the Altera Program License 
Subscription Agreement, Altera MegaCore Function License 
Agreement, or other applicable license agreement, including, 
without limitation, that your use is for the sole purpose of 
programming logic devices manufactured by Altera and sold by 
Altera or its authorized distributors.  Please refer to the 
applicable agreement for further details.



+------------------------------------------------------------------------------+
; Flow Summary                                                                 ;
+------------------------------------+-----------------------------------------+
; Flow Status                        ; Successful - Sun Feb 11 15:03:42 2018   ;
; Quartus II Version                 ; 9.1 Build 222 10/21/2009 SJ Web Edition ;
; Revision Name                      ; SM_SCHEMATIC                            ;
; Top-level Entity Name              ; SM_SCHEMATIC                            ;
; Family                             ; Cyclone II                              ;
; Met timing requirements            ; Yes                                     ;
; Total logic elements               ; 2 / 4,608 ( < 1 % )                     ;
;     Total combinational functions  ; 2 / 4,608 ( < 1 % )                     ;
;     Dedicated logic registers      ; 2 / 4,608 ( < 1 % )                     ;
; Total registers                    ; 2                                       ;
; Total pins                         ; 7 / 89 ( 8 % )                          ;
; Total virtual pins                 ; 0                                       ;
; Total memory bits                  ; 0 / 119,808 ( 0 % )                     ;
; Embedded Multiplier 9-bit elements ; 0 / 26 ( 0 % )                          ;
; Total PLLs                         ; 0 / 2 ( 0 % )                           ;
; Device                             ; EP2C5T144C6                             ;
; Timing Models                      ; Final                                   ;
+------------------------------------+-----------------------------------------+


+-----------------------------------------+
; Flow Settings                           ;
+-------------------+---------------------+
; Option            ; Setting             ;
+-------------------+---------------------+
; Start date & time ; 02/11/2018 15:03:37 ;
; Main task         ; Compilation         ;
; Revision Name     ; SM_SCHEMATIC        ;
+-------------------+---------------------+


+-----------------------------------------------------------------------------------------------------------------------------------------+
; Flow Non-Default Global Settings                                                                                                        ;
+------------------------------------+-----------------------------------------------------+---------------+-------------+----------------+
; Assignment Name                    ; Value                                               ; Default Value ; Entity Name ; Section Id     ;
+------------------------------------+-----------------------------------------------------+---------------+-------------+----------------+
; COMPILER_SIGNATURE_ID              ; 121373644995.151837941705960                        ; --            ; --          ; --             ;
; MISC_FILE                          ; \\Mac\Home\Desktop\ECE2031\NewLab4\SM_SCHEMATIC.dpf ; --            ; --          ; --             ;
; PARTITION_COLOR                    ; 16764057                                            ; --            ; --          ; Top            ;
; PARTITION_NETLIST_TYPE             ; SOURCE                                              ; --            ; --          ; Top            ;
; USE_GENERATED_PHYSICAL_CONSTRAINTS ; Off                                                 ; --            ; --          ; eda_blast_fpga ;
+------------------------------------+-----------------------------------------------------+---------------+-------------+----------------+


+-----------------------------------------------------------------------------------------------------------------------------+
; Flow Elapsed Time                                                                                                           ;
+-------------------------+--------------+-------------------------+---------------------+------------------------------------+
; Module Name             ; Elapsed Time ; Average Processors Used ; Peak Virtual Memory ; Total CPU Time (on all processors) ;
+-------------------------+--------------+-------------------------+---------------------+------------------------------------+
; Analysis & Synthesis    ; 00:00:00     ; 1.0                     ; 276 MB              ; 00:00:01                           ;
; Fitter                  ; 00:00:01     ; 1.0                     ; 294 MB              ; 00:00:01                           ;
; Assembler               ; 00:00:00     ; 1.0                     ; 264 MB              ; 00:00:00                           ;
; Classic Timing Analyzer ; 00:00:00     ; 1.0                     ; 222 MB              ; 00:00:00                           ;
; Total                   ; 00:00:01     ; --                      ; --                  ; 00:00:02                           ;
+-------------------------+--------------+-------------------------+---------------------+------------------------------------+


+------------------------------------------------------------------------------------------+
; Flow OS Summary                                                                          ;
+-------------------------+------------------+---------------+------------+----------------+
; Module Name             ; Machine Hostname ; OS Name       ; OS Version ; Processor type ;
+-------------------------+------------------+---------------+------------+----------------+
; Analysis & Synthesis    ; ARYAMIRSHAF0371  ; Windows Vista ; 6.2        ; x86_64         ;
; Fitter                  ; ARYAMIRSHAF0371  ; Windows Vista ; 6.2        ; x86_64         ;
; Assembler               ; ARYAMIRSHAF0371  ; Windows Vista ; 6.2        ; x86_64         ;
; Classic Timing Analyzer ; ARYAMIRSHAF0371  ; Windows Vista ; 6.2        ; x86_64         ;
+-------------------------+------------------+---------------+------------+----------------+


------------
; Flow Log ;
------------
quartus_map --read_settings_files=on --write_settings_files=off SM_SCHEMATIC -c SM_SCHEMATIC
quartus_fit --read_settings_files=off --write_settings_files=off SM_SCHEMATIC -c SM_SCHEMATIC
quartus_asm --read_settings_files=off --write_settings_files=off SM_SCHEMATIC -c SM_SCHEMATIC
quartus_tan --read_settings_files=off --write_settings_files=off SM_SCHEMATIC -c SM_SCHEMATIC --timing_analysis_only



